<?xml version="1.0" encoding="UTF-8"?>
<!-- Generated by org.testng.reporters.JUnitXMLReporter -->
<testsuite ignored="0" hostname="DESKTOP-TVLNRVV" failures="0" tests="3" name="Test" time="59.356" errors="0" timestamp="2024-06-28T18:10:56 IST">
  <testcase classname="SelTest.JsonFileRead" name="readjson" time="22.716"/>
  <testcase classname="SelTest.StringFileRead" name="readstring" time="6.987"/>
  <testcase classname="SelTest.Checkbox" name="chxbx" time="29.554"/>
</testsuite> <!-- Test -->
