<?xml version="1.0" encoding="UTF-8"?>
<testsuite xmlns:xsi="http://www.w3.org/2001/XMLSchema-instance" xsi:noNamespaceSchemaLocation="https://maven.apache.org/surefire/maven-surefire-plugin/xsd/surefire-test-report.xsd" version="3.0.1" name="TestSuite" time="67.54" tests="3" errors="0" skipped="0" failures="0">
  <properties>
[...]
</properties>
  <testcase name="readjson" classname="SelTest.JsonFileRead" time="22.724">
    <system-out><![CDATA[11
The dropdown options are:
Red
Blue
Green
Yellow
Purple
Black
White
Voilet
Indigo
Magenta
Aqua
]]></system-out>
    <system-err><![CDATA[Jun 28, 2024 6:10:02 PM org.openqa.selenium.devtools.CdpVersionFinder findNearestMatch
WARNING: Unable to find an exact match for CDP version 126, returning the closest version; found: 125; Please update to a Selenium version that supports CDP version 126
]]></system-err>
  </testcase>
  <testcase name="readstring" classname="SelTest.StringFileRead" time="6.986">
    <system-err><![CDATA[Jun 28, 2024 6:10:25 PM org.openqa.selenium.devtools.CdpVersionFinder findNearestMatch
WARNING: Unable to find an exact match for CDP version 126, returning the closest version; found: 125; Please update to a Selenium version that supports CDP version 126
]]></system-err>
  </testcase>
  <testcase name="chxbx" classname="SelTest.Checkbox" time="29.551"/>
</testsuite>