<?xml version="1.0" encoding="UTF-8"?>
<testng-results ignored="0" total="3" passed="3" failed="0" skipped="0">
  <reporter-output>
  </reporter-output>
  <suite started-at="2024-06-28T18:09:57 IST" name="Suite" finished-at="2024-06-28T18:10:56 IST" duration-ms="59356">
    <groups>
    </groups>
    <test started-at="2024-06-28T18:09:57 IST" name="Test" finished-at="2024-06-28T18:10:56 IST" duration-ms="59356">
      <class name="SelTest.Checkbox">
        <test-method signature="chxbx()[pri:0, instance:SelTest.Checkbox@22bac7bc]" started-at="2024-06-28T18:10:27 IST" name="chxbx" finished-at="2024-06-28T18:10:56 IST" duration-ms="29554" status="PASS">
          <reporter-output>
          </reporter-output>
        </test-method> <!-- chxbx -->
      </class> <!-- SelTest.Checkbox -->
      <class name="SelTest.JsonFileRead">
        <test-method signature="readjson()[pri:0, instance:SelTest.JsonFileRead@6187d1f5]" started-at="2024-06-28T18:09:57 IST" name="readjson" finished-at="2024-06-28T18:10:20 IST" duration-ms="22716" status="PASS">
          <reporter-output>
          </reporter-output>
        </test-method> <!-- readjson -->
      </class> <!-- SelTest.JsonFileRead -->
      <class name="SelTest.StringFileRead">
        <test-method signature="readstring()[pri:0, instance:SelTest.StringFileRead@46944ca9]" started-at="2024-06-28T18:10:20 IST" name="readstring" finished-at="2024-06-28T18:10:27 IST" duration-ms="6987" status="PASS">
          <reporter-output>
          </reporter-output>
        </test-method> <!-- readstring -->
      </class> <!-- SelTest.StringFileRead -->
    </test> <!-- Test -->
  </suite> <!-- Suite -->
</testng-results>
