<?xml version="1.0" encoding="UTF-8"?>
<testng-results ignored="0" total="1" passed="1" failed="0" skipped="0">
  <reporter-output>
  </reporter-output>
  <suite started-at="2024-06-28T17:59:41 IST" name="Default suite" finished-at="2024-06-28T18:00:00 IST" duration-ms="18919">
    <groups>
    </groups>
    <test started-at="2024-06-28T17:59:41 IST" name="Default test" finished-at="2024-06-28T18:00:00 IST" duration-ms="18919">
      <class name="SelTest.JsonFileRead">
        <test-method signature="readjson()[pri:0, instance:SelTest.JsonFileRead@1b2abca6]" started-at="2024-06-28T17:59:41 IST" name="readjson" finished-at="2024-06-28T18:00:00 IST" duration-ms="18860" status="PASS">
          <reporter-output>
          </reporter-output>
        </test-method> <!-- readjson -->
      </class> <!-- SelTest.JsonFileRead -->
    </test> <!-- Default test -->
  </suite> <!-- Default suite -->
</testng-results>
